#
# There is insufficient memory for the Java Runtime Environment to continue.
# Native memory allocation (malloc) failed to allocate 1444656 bytes for Chunk::new
# Possible reasons:
#   The system is out of physical RAM or swap space
#   The process is running with CompressedOops enabled, and the Java Heap may be blocking the growth of the native heap
# Possible solutions:
#   Reduce memory load on the system
#   Increase physical memory or swap space
#   Check if swap backing store is full
#   Decrease Java heap size (-Xmx/-Xms)
#   Decrease number of Java threads
#   Decrease Java thread stack sizes (-Xss)
#   Set larger code cache with -XX:ReservedCodeCacheSize=
#   JVM is running with Unscaled Compressed Oops mode in which the Java heap is
#     placed in the first 4GB address space. The Java Heap base address is the
#     maximum limit for the native heap growth. Please use -XX:HeapBaseMinAddress
#     to set the Java Heap base and to place the Java Heap above 4GB virtual address.
# This output file may be truncated or incomplete.
#
#  Out of Memory Error (./open/src/hotspot/share/memory/arena.cpp:197), pid=1052, tid=12912
#
# JRE version: Java(TM) SE Runtime Environment 18.9 (11.0.15+8) (build 11.0.15+8-LTS-149)
# Java VM: Java HotSpot(TM) 64-Bit Server VM 18.9 (11.0.15+8-LTS-149, mixed mode, tiered, compressed oops, g1 gc, windows-amd64)
# No core dump will be written. Minidumps are not enabled by default on client versions of Windows
#

---------------  S U M M A R Y ------------

Command Line: org.jetbrains.kotlin.cli.jvm.K2JVMCompiler @D:\baijiPro\node_modules\react-native-gradle-plugin\build\20230410_12816921227539770971.compiler.options

Host: Intel(R) Core(TM) i5-6500 CPU @ 3.20GHz, 4 cores, 7G,  Windows 10 , 64 bit Build 15063 (10.0.15063.1805)
Time: Mon Apr 10 16:50:41 2023 ?D1¨²¡À¨º¡Á?¨º¡À?? elapsed time: 9.152306 seconds (0d 0h 0m 9s)

---------------  T H R E A D  ---------------

Current thread (0x000002e63ae0c000):  JavaThread "C2 CompilerThread1" daemon [_thread_in_native, id=12912, stack(0x000000ebbeb00000,0x000000ebbec00000)]


Current CompileTask:
C2:   9152 9220       4       org.jetbrains.kotlin.types.TypeSubstitutor::unsafeSubstitute (813 bytes)

Stack: [0x000000ebbeb00000,0x000000ebbec00000]
Native frames: (J=compiled Java code, j=interpreted, Vv=VM code, C=native code)
V  [jvm.dll+0x629d8a]
V  [jvm.dll+0x7638ff]
V  [jvm.dll+0x764fa9]
V  [jvm.dll+0x765633]
V  [jvm.dll+0x23d9c8]
V  [jvm.dll+0xb2a1c]
V  [jvm.dll+0xb2fdc]
V  [jvm.dll+0x341047]
V  [jvm.dll+0x30e9b3]
V  [jvm.dll+0x30dcfa]
V  [jvm.dll+0x1f8565]
V  [jvm.dll+0x1f774d]
V  [jvm.dll+0x177c51]
V  [jvm.dll+0x207026]
V  [jvm.dll+0x2051bb]
V  [jvm.dll+0x729820]
V  [jvm.dll+0x7223f4]
V  [jvm.dll+0x628c26]
C  [ucrtbase.dll+0x226a9]
C  [KERNEL32.DLL+0x12d34]
C  [ntdll.dll+0x50c51]


---------------  P R O C E S S  ---------------

Threads class SMR info:
_java_thread_list=0x000002e63ae18bc0, length=11, elements={
0x000002e61c4ac800, 0x000002e639c23000, 0x000002e639c24800, 0x000002e63a4b8000,
0x000002e63a4b9000, 0x000002e63a4ba000, 0x000002e63a4bd800, 0x000002e63a4be800,
0x000002e63a4e0000, 0x000002e63a65b000, 0x000002e63ae0c000
}

Java Threads: ( => current thread )
  0x000002e61c4ac800 JavaThread "main" [_thread_in_Java, id=14952, stack(0x000000ebbd700000,0x000000ebbd800000)]
  0x000002e639c23000 JavaThread "Reference Handler" daemon [_thread_blocked, id=9044, stack(0x000000ebbde00000,0x000000ebbdf00000)]
  0x000002e639c24800 JavaThread "Finalizer" daemon [_thread_blocked, id=15572, stack(0x000000ebbdf00000,0x000000ebbe000000)]
  0x000002e63a4b8000 JavaThread "Signal Dispatcher" daemon [_thread_blocked, id=7508, stack(0x000000ebbe000000,0x000000ebbe100000)]
  0x000002e63a4b9000 JavaThread "Attach Listener" daemon [_thread_blocked, id=16084, stack(0x000000ebbe100000,0x000000ebbe200000)]
  0x000002e63a4ba000 JavaThread "Service Thread" daemon [_thread_blocked, id=16064, stack(0x000000ebbe200000,0x000000ebbe300000)]
  0x000002e63a4bd800 JavaThread "C2 CompilerThread0" daemon [_thread_in_native, id=14288, stack(0x000000ebbe300000,0x000000ebbe400000)]
  0x000002e63a4be800 JavaThread "C1 CompilerThread0" daemon [_thread_in_native, id=11952, stack(0x000000ebbe400000,0x000000ebbe500000)]
  0x000002e63a4e0000 JavaThread "Sweeper thread" daemon [_thread_blocked, id=16696, stack(0x000000ebbe500000,0x000000ebbe600000)]
  0x000002e63a65b000 JavaThread "Common-Cleaner" daemon [_thread_blocked, id=14892, stack(0x000000ebbe700000,0x000000ebbe800000)]
=>0x000002e63ae0c000 JavaThread "C2 CompilerThread1" daemon [_thread_in_native, id=12912, stack(0x000000ebbeb00000,0x000000ebbec00000)]

Other Threads:
  0x000002e639c1e800 VMThread "VM Thread" [stack: 0x000000ebbdd00000,0x000000ebbde00000] [id=7660]
  0x000002e63a659000 WatcherThread [stack: 0x000000ebbe600000,0x000000ebbe700000] [id=14752]
  0x000002e61c4bf000 GCTaskThread "GC Thread#0" [stack: 0x000000ebbd800000,0x000000ebbd900000] [id=9932]
  0x000002e63a9be000 GCTaskThread "GC Thread#1" [stack: 0x000000ebbe900000,0x000000ebbea00000] [id=10328]
  0x000002e63aa55000 GCTaskThread "GC Thread#2" [stack: 0x000000ebbea00000,0x000000ebbeb00000] [id=16312]
  0x000002e61c4f1000 ConcurrentGCThread "G1 Main Marker" [stack: 0x000000ebbd900000,0x000000ebbda00000] [id=5696]
  0x000002e61c4f3000 ConcurrentGCThread "G1 Conc#0" [stack: 0x000000ebbda00000,0x000000ebbdb00000] [id=17224]
  0x000002e639a82800 ConcurrentGCThread "G1 Refine#0" [stack: 0x000000ebbdb00000,0x000000ebbdc00000] [id=6220]
  0x000002e63c00a000 ConcurrentGCThread "G1 Refine#1" [stack: 0x000000ebbec00000,0x000000ebbed00000] [id=5736]
  0x000002e63cb1d800 ConcurrentGCThread "G1 Refine#2" [stack: 0x000000ebbed00000,0x000000ebbee00000] [id=11612]
  0x000002e639a85800 ConcurrentGCThread "G1 Young RemSet Sampling" [stack: 0x000000ebbdc00000,0x000000ebbdd00000] [id=14852]

Threads with active compile tasks:
C2 CompilerThread0   9201 9303       4       org.jetbrains.kotlin.types.KotlinType::equals (56 bytes)
C1 CompilerThread0   9201 9333       3       org.jetbrains.kotlin.resolve.calls.checkers.CallableReferenceCompatibilityChecker::check (324 bytes)
C2 CompilerThread1   9201 9220       4       org.jetbrains.kotlin.types.TypeSubstitutor::unsafeSubstitute (813 bytes)

VM state:not at safepoint (normal execution)

VM Mutex/Monitor currently owned by a thread: None

Heap address: 0x0000000080a00000, size: 2038 MB, Compressed Oops mode: 32-bit
Narrow klass base: 0x0000000000000000, Narrow klass shift: 3
Compressed class space size: 1073741824 Address: 0x0000000100000000

Heap:
 garbage-first heap   total 189440K, used 106492K [0x0000000080a00000, 0x0000000100000000)
  region size 1024K, 50 young (51200K), 6 survivors (6144K)
 Metaspace       used 61824K, capacity 62608K, committed 62748K, reserved 1105920K
  class space    used 6915K, capacity 7242K, committed 7372K, reserved 1048576K
Heap Regions: E=young(eden), S=young(survivor), O=old, HS=humongous(starts), HC=humongous(continues), CS=collection set, F=free, A=archive, TAMS=top-at-mark-start (previous, next)
|   0|0x0000000080a00000, 0x0000000080b00000, 0x0000000080b00000|100%|HS|  |TAMS 0x0000000080b00000, 0x0000000080a00000| Complete 
|   1|0x0000000080b00000, 0x0000000080c00000, 0x0000000080c00000|100%|HC|  |TAMS 0x0000000080c00000, 0x0000000080b00000| Complete 
|   2|0x0000000080c00000, 0x0000000080d00000, 0x0000000080d00000|100%|HC|  |TAMS 0x0000000080d00000, 0x0000000080c00000| Complete 
|   3|0x0000000080d00000, 0x0000000080e00000, 0x0000000080e00000|100%|HS|  |TAMS 0x0000000080e00000, 0x0000000080d00000| Complete 
|   4|0x0000000080e00000, 0x0000000080f00000, 0x0000000080f00000|100%| O|  |TAMS 0x0000000080f00000, 0x0000000080e00000| Untracked 
|   5|0x0000000080f00000, 0x0000000081000000, 0x0000000081000000|100%|HS|  |TAMS 0x0000000081000000, 0x0000000080f00000| Complete 
|   6|0x0000000081000000, 0x0000000081100000, 0x0000000081100000|100%|HC|  |TAMS 0x0000000081100000, 0x0000000081000000| Complete 
|   7|0x0000000081100000, 0x0000000081200000, 0x0000000081200000|100%|HC|  |TAMS 0x0000000081200000, 0x0000000081100000| Complete 
|   8|0x0000000081200000, 0x0000000081300000, 0x0000000081300000|100%| O|  |TAMS 0x0000000081300000, 0x0000000081200000| Untracked 
|   9|0x0000000081300000, 0x0000000081400000, 0x0000000081400000|100%| O|  |TAMS 0x0000000081400000, 0x0000000081300000| Untracked 
|  10|0x0000000081400000, 0x0000000081500000, 0x0000000081500000|100%| O|  |TAMS 0x0000000081500000, 0x0000000081400000| Untracked 
|  11|0x0000000081500000, 0x0000000081600000, 0x0000000081600000|100%| O|  |TAMS 0x0000000081600000, 0x0000000081500000| Untracked 
|  12|0x0000000081600000, 0x0000000081700000, 0x0000000081700000|100%| O|  |TAMS 0x0000000081700000, 0x0000000081600000| Untracked 
|  13|0x0000000081700000, 0x0000000081800000, 0x0000000081800000|100%| O|  |TAMS 0x0000000081800000, 0x0000000081700000| Untracked 
|  14|0x0000000081800000, 0x0000000081900000, 0x0000000081900000|100%| O|  |TAMS 0x0000000081900000, 0x0000000081800000| Untracked 
|  15|0x0000000081900000, 0x0000000081a00000, 0x0000000081a00000|100%| O|  |TAMS 0x0000000081a00000, 0x0000000081900000| Untracked 
|  16|0x0000000081a00000, 0x0000000081b00000, 0x0000000081b00000|100%| O|  |TAMS 0x0000000081b00000, 0x0000000081a00000| Untracked 
|  17|0x0000000081b00000, 0x0000000081c00000, 0x0000000081c00000|100%| O|  |TAMS 0x0000000081c00000, 0x0000000081b00000| Untracked 
|  18|0x0000000081c00000, 0x0000000081d00000, 0x0000000081d00000|100%| O|  |TAMS 0x0000000081d00000, 0x0000000081c00000| Untracked 
|  19|0x0000000081d00000, 0x0000000081e00000, 0x0000000081e00000|100%| O|  |TAMS 0x0000000081e00000, 0x0000000081d00000| Untracked 
|  20|0x0000000081e00000, 0x0000000081f00000, 0x0000000081f00000|100%| O|  |TAMS 0x0000000081f00000, 0x0000000081e00000| Untracked 
|  21|0x0000000081f00000, 0x0000000082000000, 0x0000000082000000|100%| O|  |TAMS 0x0000000082000000, 0x0000000081f00000| Untracked 
|  22|0x0000000082000000, 0x0000000082100000, 0x0000000082100000|100%| O|  |TAMS 0x0000000082100000, 0x0000000082000000| Untracked 
|  23|0x0000000082100000, 0x0000000082200000, 0x0000000082200000|100%| O|  |TAMS 0x00000000821b4600, 0x0000000082100000| Untracked 
|  24|0x0000000082200000, 0x0000000082300000, 0x0000000082300000|100%| O|  |TAMS 0x0000000082300000, 0x0000000082200000| Untracked 
|  25|0x0000000082300000, 0x0000000082400000, 0x0000000082400000|100%| O|  |TAMS 0x0000000082400000, 0x0000000082300000| Untracked 
|  26|0x0000000082400000, 0x0000000082500000, 0x0000000082500000|100%| O|  |TAMS 0x0000000082500000, 0x0000000082400000| Untracked 
|  27|0x0000000082500000, 0x0000000082600000, 0x0000000082600000|100%| O|  |TAMS 0x0000000082600000, 0x0000000082500000| Untracked 
|  28|0x0000000082600000, 0x0000000082700000, 0x0000000082700000|100%| O|  |TAMS 0x0000000082700000, 0x0000000082600000| Untracked 
|  29|0x0000000082700000, 0x0000000082800000, 0x0000000082800000|100%| O|  |TAMS 0x0000000082800000, 0x0000000082700000| Untracked 
|  30|0x0000000082800000, 0x0000000082900000, 0x0000000082900000|100%| O|  |TAMS 0x0000000082900000, 0x0000000082800000| Untracked 
|  31|0x0000000082900000, 0x0000000082a00000, 0x0000000082a00000|100%| O|  |TAMS 0x0000000082a00000, 0x0000000082900000| Untracked 
|  32|0x0000000082a00000, 0x0000000082b00000, 0x0000000082b00000|100%| O|  |TAMS 0x0000000082b00000, 0x0000000082a00000| Untracked 
|  33|0x0000000082b00000, 0x0000000082c00000, 0x0000000082c00000|100%| O|  |TAMS 0x0000000082b00000, 0x0000000082b00000| Untracked 
|  34|0x0000000082c00000, 0x0000000082d00000, 0x0000000082d00000|100%|HS|  |TAMS 0x0000000082c00000, 0x0000000082c00000| Complete 
|  35|0x0000000082d00000, 0x0000000082e00000, 0x0000000082e00000|100%|HC|  |TAMS 0x0000000082d00000, 0x0000000082d00000| Complete 
|  36|0x0000000082e00000, 0x0000000082f00000, 0x0000000082f00000|100%|HC|  |TAMS 0x0000000082e00000, 0x0000000082e00000| Complete 
|  37|0x0000000082f00000, 0x0000000083000000, 0x0000000083000000|100%|HC|  |TAMS 0x0000000082f00000, 0x0000000082f00000| Complete 
|  38|0x0000000083000000, 0x0000000083100000, 0x0000000083100000|100%|HC|  |TAMS 0x0000000083000000, 0x0000000083000000| Complete 
|  39|0x0000000083100000, 0x0000000083200000, 0x0000000083200000|100%| O|  |TAMS 0x0000000083100000, 0x0000000083100000| Untracked 
|  40|0x0000000083200000, 0x0000000083300000, 0x0000000083300000|100%| O|  |TAMS 0x0000000083200000, 0x0000000083200000| Untracked 
|  41|0x0000000083300000, 0x0000000083400000, 0x0000000083400000|100%| O|  |TAMS 0x0000000083300000, 0x0000000083300000| Untracked 
|  42|0x0000000083400000, 0x0000000083500000, 0x0000000083500000|100%| O|  |TAMS 0x0000000083400000, 0x0000000083400000| Untracked 
|  43|0x0000000083500000, 0x0000000083600000, 0x0000000083600000|100%| O|  |TAMS 0x0000000083500000, 0x0000000083500000| Untracked 
|  44|0x0000000083600000, 0x0000000083700000, 0x0000000083700000|100%| O|  |TAMS 0x0000000083600000, 0x0000000083600000| Untracked 
|  45|0x0000000083700000, 0x0000000083800000, 0x0000000083800000|100%| O|  |TAMS 0x0000000083700000, 0x0000000083700000| Untracked 
|  46|0x0000000083800000, 0x0000000083900000, 0x0000000083900000|100%| O|  |TAMS 0x0000000083800000, 0x0000000083800000| Untracked 
|  47|0x0000000083900000, 0x0000000083a00000, 0x0000000083a00000|100%| O|  |TAMS 0x0000000083900000, 0x0000000083900000| Untracked 
|  48|0x0000000083a00000, 0x0000000083b00000, 0x0000000083b00000|100%| O|  |TAMS 0x0000000083a00000, 0x0000000083a00000| Untracked 
|  49|0x0000000083b00000, 0x0000000083c00000, 0x0000000083c00000|100%| O|  |TAMS 0x0000000083b00000, 0x0000000083b00000| Untracked 
|  50|0x0000000083c00000, 0x0000000083d00000, 0x0000000083d00000|100%| O|  |TAMS 0x0000000083c00000, 0x0000000083c00000| Untracked 
|  51|0x0000000083d00000, 0x0000000083e00000, 0x0000000083e00000|100%| O|  |TAMS 0x0000000083d00000, 0x0000000083d00000| Untracked 
|  52|0x0000000083e00000, 0x0000000083f00000, 0x0000000083f00000|100%| O|  |TAMS 0x0000000083e00000, 0x0000000083e00000| Untracked 
|  53|0x0000000083f00000, 0x0000000084000000, 0x0000000084000000|100%| O|  |TAMS 0x0000000083f00000, 0x0000000083f00000| Untracked 
|  54|0x0000000084000000, 0x0000000084100000, 0x0000000084100000|100%| O|  |TAMS 0x0000000084000000, 0x0000000084000000| Untracked 
|  55|0x0000000084100000, 0x00000000841ace00, 0x0000000084200000| 67%| O|  |TAMS 0x0000000084100000, 0x0000000084100000| Untracked 
|  56|0x0000000084200000, 0x0000000084200000, 0x0000000084300000|  0%| F|  |TAMS 0x0000000084200000, 0x0000000084200000| Untracked 
|  57|0x0000000084300000, 0x0000000084300000, 0x0000000084400000|  0%| F|  |TAMS 0x0000000084300000, 0x0000000084300000| Untracked 
|  58|0x0000000084400000, 0x0000000084400000, 0x0000000084500000|  0%| F|  |TAMS 0x0000000084400000, 0x0000000084400000| Untracked 
|  59|0x0000000084500000, 0x0000000084500000, 0x0000000084600000|  0%| F|  |TAMS 0x0000000084500000, 0x0000000084500000| Untracked 
|  60|0x0000000084600000, 0x0000000084600000, 0x0000000084700000|  0%| F|  |TAMS 0x0000000084600000, 0x0000000084600000| Untracked 
|  61|0x0000000084700000, 0x0000000084700000, 0x0000000084800000|  0%| F|  |TAMS 0x0000000084700000, 0x0000000084700000| Untracked 
|  62|0x0000000084800000, 0x0000000084800000, 0x0000000084900000|  0%| F|  |TAMS 0x0000000084800000, 0x0000000084800000| Untracked 
|  63|0x0000000084900000, 0x0000000084900000, 0x0000000084a00000|  0%| F|  |TAMS 0x0000000084900000, 0x0000000084900000| Untracked 
|  64|0x0000000084a00000, 0x0000000084a00000, 0x0000000084b00000|  0%| F|  |TAMS 0x0000000084a00000, 0x0000000084a00000| Untracked 
|  65|0x0000000084b00000, 0x0000000084b00000, 0x0000000084c00000|  0%| F|  |TAMS 0x0000000084b00000, 0x0000000084b00000| Untracked 
|  66|0x0000000084c00000, 0x0000000084c00000, 0x0000000084d00000|  0%| F|  |TAMS 0x0000000084c00000, 0x0000000084c00000| Untracked 
|  67|0x0000000084d00000, 0x0000000084d00000, 0x0000000084e00000|  0%| F|  |TAMS 0x0000000084d00000, 0x0000000084d00000| Untracked 
|  68|0x0000000084e00000, 0x0000000084e00000, 0x0000000084f00000|  0%| F|  |TAMS 0x0000000084e00000, 0x0000000084e00000| Untracked 
|  69|0x0000000084f00000, 0x0000000084f00000, 0x0000000085000000|  0%| F|  |TAMS 0x0000000084f00000, 0x0000000084f00000| Untracked 
|  70|0x0000000085000000, 0x0000000085000000, 0x0000000085100000|  0%| F|  |TAMS 0x0000000085000000, 0x0000000085000000| Untracked 
|  71|0x0000000085100000, 0x0000000085100000, 0x0000000085200000|  0%| F|  |TAMS 0x0000000085100000, 0x0000000085100000| Untracked 
|  72|0x0000000085200000, 0x0000000085200000, 0x0000000085300000|  0%| F|  |TAMS 0x0000000085200000, 0x0000000085200000| Untracked 
|  73|0x0000000085300000, 0x0000000085300000, 0x0000000085400000|  0%| F|  |TAMS 0x0000000085300000, 0x0000000085300000| Untracked 
|  74|0x0000000085400000, 0x0000000085400000, 0x0000000085500000|  0%| F|  |TAMS 0x0000000085400000, 0x0000000085400000| Untracked 
|  75|0x0000000085500000, 0x0000000085500000, 0x0000000085600000|  0%| F|  |TAMS 0x0000000085500000, 0x0000000085500000| Untracked 
|  76|0x0000000085600000, 0x0000000085600000, 0x0000000085700000|  0%| F|  |TAMS 0x0000000085600000, 0x0000000085600000| Untracked 
|  77|0x0000000085700000, 0x0000000085700000, 0x0000000085800000|  0%| F|  |TAMS 0x0000000085700000, 0x0000000085700000| Untracked 
|  78|0x0000000085800000, 0x0000000085800000, 0x0000000085900000|  0%| F|  |TAMS 0x0000000085800000, 0x0000000085800000| Untracked 
|  79|0x0000000085900000, 0x0000000085900000, 0x0000000085a00000|  0%| F|  |TAMS 0x0000000085900000, 0x0000000085900000| Untracked 
|  80|0x0000000085a00000, 0x0000000085a00000, 0x0000000085b00000|  0%| F|  |TAMS 0x0000000085a00000, 0x0000000085a00000| Untracked 
|  81|0x0000000085b00000, 0x0000000085b00000, 0x0000000085c00000|  0%| F|  |TAMS 0x0000000085b00000, 0x0000000085b00000| Untracked 
|  82|0x0000000085c00000, 0x0000000085c00000, 0x0000000085d00000|  0%| F|  |TAMS 0x0000000085c00000, 0x0000000085c00000| Untracked 
|  83|0x0000000085d00000, 0x0000000085d00000, 0x0000000085e00000|  0%| F|  |TAMS 0x0000000085d00000, 0x0000000085d00000| Untracked 
|  84|0x0000000085e00000, 0x0000000085e00000, 0x0000000085f00000|  0%| F|  |TAMS 0x0000000085e00000, 0x0000000085e00000| Untracked 
|  85|0x0000000085f00000, 0x0000000085f00000, 0x0000000086000000|  0%| F|  |TAMS 0x0000000085f00000, 0x0000000085f00000| Untracked 
|  86|0x0000000086000000, 0x0000000086000000, 0x0000000086100000|  0%| F|  |TAMS 0x0000000086000000, 0x0000000086000000| Untracked 
|  87|0x0000000086100000, 0x0000000086100000, 0x0000000086200000|  0%| F|  |TAMS 0x0000000086100000, 0x0000000086100000| Untracked 
|  88|0x0000000086200000, 0x0000000086200000, 0x0000000086300000|  0%| F|  |TAMS 0x0000000086200000, 0x0000000086200000| Untracked 
|  89|0x0000000086300000, 0x0000000086300000, 0x0000000086400000|  0%| F|  |TAMS 0x0000000086300000, 0x0000000086300000| Untracked 
|  90|0x0000000086400000, 0x0000000086400000, 0x0000000086500000|  0%| F|  |TAMS 0x0000000086400000, 0x0000000086400000| Untracked 
|  91|0x0000000086500000, 0x0000000086500000, 0x0000000086600000|  0%| F|  |TAMS 0x0000000086500000, 0x0000000086500000| Untracked 
|  92|0x0000000086600000, 0x0000000086652310, 0x0000000086700000| 32%| S|CS|TAMS 0x0000000086600000, 0x0000000086600000| Complete 
|  93|0x0000000086700000, 0x0000000086800000, 0x0000000086800000|100%| S|CS|TAMS 0x0000000086700000, 0x0000000086700000| Complete 
|  94|0x0000000086800000, 0x0000000086900000, 0x0000000086900000|100%| S|CS|TAMS 0x0000000086800000, 0x0000000086800000| Complete 
|  95|0x0000000086900000, 0x0000000086a00000, 0x0000000086a00000|100%| S|CS|TAMS 0x0000000086900000, 0x0000000086900000| Complete 
|  96|0x0000000086a00000, 0x0000000086b00000, 0x0000000086b00000|100%| S|CS|TAMS 0x0000000086a00000, 0x0000000086a00000| Complete 
|  97|0x0000000086b00000, 0x0000000086b00000, 0x0000000086c00000|  0%| F|  |TAMS 0x0000000086b00000, 0x0000000086b00000| Untracked 
|  98|0x0000000086c00000, 0x0000000086c00000, 0x0000000086d00000|  0%| F|  |TAMS 0x0000000086c00000, 0x0000000086c00000| Untracked 
|  99|0x0000000086d00000, 0x0000000086d00000, 0x0000000086e00000|  0%| F|  |TAMS 0x0000000086d00000, 0x0000000086d00000| Untracked 
| 100|0x0000000086e00000, 0x0000000086e00000, 0x0000000086f00000|  0%| F|  |TAMS 0x0000000086e00000, 0x0000000086e00000| Untracked 
| 101|0x0000000086f00000, 0x0000000086f00000, 0x0000000087000000|  0%| F|  |TAMS 0x0000000086f00000, 0x0000000086f00000| Untracked 
| 102|0x0000000087000000, 0x0000000087000000, 0x0000000087100000|  0%| F|  |TAMS 0x0000000087000000, 0x0000000087000000| Untracked 
| 103|0x0000000087100000, 0x0000000087100000, 0x0000000087200000|  0%| F|  |TAMS 0x0000000087100000, 0x0000000087100000| Untracked 
| 104|0x0000000087200000, 0x0000000087300000, 0x0000000087300000|100%| S|CS|TAMS 0x0000000087200000, 0x0000000087200000| Complete 
| 105|0x0000000087300000, 0x0000000087300000, 0x0000000087400000|  0%| F|  |TAMS 0x0000000087300000, 0x0000000087300000| Untracked 
| 106|0x0000000087400000, 0x0000000087400000, 0x0000000087500000|  0%| F|  |TAMS 0x0000000087400000, 0x0000000087400000| Untracked 
| 107|0x0000000087500000, 0x0000000087500000, 0x0000000087600000|  0%| F|  |TAMS 0x0000000087500000, 0x0000000087500000| Untracked 
| 108|0x0000000087600000, 0x0000000087600000, 0x0000000087700000|  0%| F|  |TAMS 0x0000000087600000, 0x0000000087600000| Untracked 
| 109|0x0000000087700000, 0x0000000087700000, 0x0000000087800000|  0%| F|  |TAMS 0x0000000087700000, 0x0000000087700000| Untracked 
| 110|0x0000000087800000, 0x0000000087800000, 0x0000000087900000|  0%| F|  |TAMS 0x0000000087800000, 0x0000000087800000| Untracked 
| 111|0x0000000087900000, 0x0000000087900000, 0x0000000087a00000|  0%| F|  |TAMS 0x0000000087900000, 0x0000000087900000| Untracked 
| 112|0x0000000087a00000, 0x0000000087a00000, 0x0000000087b00000|  0%| F|  |TAMS 0x0000000087a00000, 0x0000000087a00000| Untracked 
| 113|0x0000000087b00000, 0x0000000087b00000, 0x0000000087c00000|  0%| F|  |TAMS 0x0000000087b00000, 0x0000000087b00000| Untracked 
| 114|0x0000000087c00000, 0x0000000087c00000, 0x0000000087d00000|  0%| F|  |TAMS 0x0000000087c00000, 0x0000000087c00000| Untracked 
| 115|0x0000000087d00000, 0x0000000087d00000, 0x0000000087e00000|  0%| F|  |TAMS 0x0000000087d00000, 0x0000000087d00000| Untracked 
| 116|0x0000000087e00000, 0x0000000087e00000, 0x0000000087f00000|  0%| F|  |TAMS 0x0000000087e00000, 0x0000000087e00000| Untracked 
| 117|0x0000000087f00000, 0x0000000087f00000, 0x0000000088000000|  0%| F|  |TAMS 0x0000000087f00000, 0x0000000087f00000| Untracked 
| 118|0x0000000088000000, 0x0000000088000000, 0x0000000088100000|  0%| F|  |TAMS 0x0000000088000000, 0x0000000088000000| Untracked 
| 119|0x0000000088100000, 0x0000000088100000, 0x0000000088200000|  0%| F|  |TAMS 0x0000000088100000, 0x0000000088100000| Untracked 
| 120|0x0000000088200000, 0x0000000088200000, 0x0000000088300000|  0%| F|  |TAMS 0x0000000088200000, 0x0000000088200000| Untracked 
| 121|0x0000000088300000, 0x0000000088300000, 0x0000000088400000|  0%| F|  |TAMS 0x0000000088300000, 0x0000000088300000| Untracked 
| 122|0x0000000088400000, 0x0000000088400000, 0x0000000088500000|  0%| F|  |TAMS 0x0000000088400000, 0x0000000088400000| Untracked 
| 123|0x0000000088500000, 0x0000000088500000, 0x0000000088600000|  0%| F|  |TAMS 0x0000000088500000, 0x0000000088500000| Untracked 
| 124|0x0000000088600000, 0x0000000088600000, 0x0000000088700000|  0%| F|  |TAMS 0x0000000088600000, 0x0000000088600000| Untracked 
| 125|0x0000000088700000, 0x0000000088700000, 0x0000000088800000|  0%| F|  |TAMS 0x0000000088700000, 0x0000000088700000| Untracked 
| 126|0x0000000088800000, 0x0000000088800000, 0x0000000088900000|  0%| F|  |TAMS 0x0000000088800000, 0x0000000088800000| Untracked 
| 127|0x0000000088900000, 0x0000000088900000, 0x0000000088a00000|  0%| F|  |TAMS 0x0000000088900000, 0x0000000088900000| Untracked 
| 128|0x0000000088a00000, 0x0000000088a00000, 0x0000000088b00000|  0%| F|  |TAMS 0x0000000088a00000, 0x0000000088a00000| Untracked 
| 129|0x0000000088b00000, 0x0000000088b00000, 0x0000000088c00000|  0%| F|  |TAMS 0x0000000088b00000, 0x0000000088b00000| Untracked 
| 130|0x0000000088c00000, 0x0000000088c00000, 0x0000000088d00000|  0%| F|  |TAMS 0x0000000088c00000, 0x0000000088c00000| Untracked 
| 131|0x0000000088d00000, 0x0000000088d00000, 0x0000000088e00000|  0%| F|  |TAMS 0x0000000088d00000, 0x0000000088d00000| Untracked 
| 132|0x0000000088e00000, 0x0000000088e00000, 0x0000000088f00000|  0%| F|  |TAMS 0x0000000088e00000, 0x0000000088e00000| Untracked 
| 133|0x0000000088f00000, 0x0000000088f00000, 0x0000000089000000|  0%| F|  |TAMS 0x0000000088f00000, 0x0000000088f00000| Untracked 
| 134|0x0000000089000000, 0x0000000089000000, 0x0000000089100000|  0%| F|  |TAMS 0x0000000089000000, 0x0000000089000000| Untracked 
| 135|0x0000000089100000, 0x0000000089100000, 0x0000000089200000|  0%| F|  |TAMS 0x0000000089100000, 0x0000000089100000| Untracked 
| 136|0x0000000089200000, 0x0000000089200000, 0x0000000089300000|  0%| F|  |TAMS 0x0000000089200000, 0x0000000089200000| Untracked 
| 137|0x0000000089300000, 0x0000000089300000, 0x0000000089400000|  0%| F|  |TAMS 0x0000000089300000, 0x0000000089300000| Untracked 
| 138|0x0000000089400000, 0x0000000089400000, 0x0000000089500000|  0%| F|  |TAMS 0x0000000089400000, 0x0000000089400000| Untracked 
| 139|0x0000000089500000, 0x0000000089500000, 0x0000000089600000|  0%| F|  |TAMS 0x0000000089500000, 0x0000000089500000| Untracked 
| 140|0x0000000089600000, 0x0000000089600000, 0x0000000089700000|  0%| F|  |TAMS 0x0000000089600000, 0x0000000089600000| Untracked 
| 141|0x0000000089700000, 0x0000000089800000, 0x0000000089800000|100%| E|  |TAMS 0x0000000089700000, 0x0000000089700000| Complete 
| 142|0x0000000089800000, 0x0000000089900000, 0x0000000089900000|100%| E|CS|TAMS 0x0000000089800000, 0x0000000089800000| Complete 
| 143|0x0000000089900000, 0x0000000089a00000, 0x0000000089a00000|100%| E|CS|TAMS 0x0000000089900000, 0x0000000089900000| Complete 
| 144|0x0000000089a00000, 0x0000000089b00000, 0x0000000089b00000|100%| E|CS|TAMS 0x0000000089a00000, 0x0000000089a00000| Complete 
| 145|0x0000000089b00000, 0x0000000089c00000, 0x0000000089c00000|100%| E|CS|TAMS 0x0000000089b00000, 0x0000000089b00000| Complete 
| 146|0x0000000089c00000, 0x0000000089d00000, 0x0000000089d00000|100%| E|CS|TAMS 0x0000000089c00000, 0x0000000089c00000| Complete 
| 147|0x0000000089d00000, 0x0000000089e00000, 0x0000000089e00000|100%| E|CS|TAMS 0x0000000089d00000, 0x0000000089d00000| Complete 
| 148|0x0000000089e00000, 0x0000000089f00000, 0x0000000089f00000|100%| E|CS|TAMS 0x0000000089e00000, 0x0000000089e00000| Complete 
| 149|0x0000000089f00000, 0x000000008a000000, 0x000000008a000000|100%| E|CS|TAMS 0x0000000089f00000, 0x0000000089f00000| Complete 
| 150|0x000000008a000000, 0x000000008a100000, 0x000000008a100000|100%| E|CS|TAMS 0x000000008a000000, 0x000000008a000000| Complete 
| 151|0x000000008a100000, 0x000000008a200000, 0x000000008a200000|100%| E|CS|TAMS 0x000000008a100000, 0x000000008a100000| Complete 
| 152|0x000000008a200000, 0x000000008a300000, 0x000000008a300000|100%| E|CS|TAMS 0x000000008a200000, 0x000000008a200000| Complete 
| 153|0x000000008a300000, 0x000000008a400000, 0x000000008a400000|100%| E|CS|TAMS 0x000000008a300000, 0x000000008a300000| Complete 
| 154|0x000000008a400000, 0x000000008a500000, 0x000000008a500000|100%| E|CS|TAMS 0x000000008a400000, 0x000000008a400000| Complete 
| 155|0x000000008a500000, 0x000000008a600000, 0x000000008a600000|100%| E|CS|TAMS 0x000000008a500000, 0x000000008a500000| Complete 
| 156|0x000000008a600000, 0x000000008a700000, 0x000000008a700000|100%| E|CS|TAMS 0x000000008a600000, 0x000000008a600000| Complete 
| 157|0x000000008a700000, 0x000000008a800000, 0x000000008a800000|100%| E|CS|TAMS 0x000000008a700000, 0x000000008a700000| Complete 
| 158|0x000000008a800000, 0x000000008a900000, 0x000000008a900000|100%| E|CS|TAMS 0x000000008a800000, 0x000000008a800000| Complete 
| 159|0x000000008a900000, 0x000000008aa00000, 0x000000008aa00000|100%| E|CS|TAMS 0x000000008a900000, 0x000000008a900000| Complete 
| 160|0x000000008aa00000, 0x000000008ab00000, 0x000000008ab00000|100%| E|CS|TAMS 0x000000008aa00000, 0x000000008aa00000| Complete 
| 161|0x000000008ab00000, 0x000000008ac00000, 0x000000008ac00000|100%| E|CS|TAMS 0x000000008ab00000, 0x000000008ab00000| Complete 
| 162|0x000000008ac00000, 0x000000008ad00000, 0x000000008ad00000|100%| E|CS|TAMS 0x000000008ac00000, 0x000000008ac00000| Complete 
| 163|0x000000008ad00000, 0x000000008ae00000, 0x000000008ae00000|100%| E|CS|TAMS 0x000000008ad00000, 0x000000008ad00000| Complete 
| 164|0x000000008ae00000, 0x000000008af00000, 0x000000008af00000|100%| E|CS|TAMS 0x000000008ae00000, 0x000000008ae00000| Complete 
| 165|0x000000008af00000, 0x000000008b000000, 0x000000008b000000|100%| E|CS|TAMS 0x000000008af00000, 0x000000008af00000| Complete 
| 166|0x000000008b000000, 0x000000008b100000, 0x000000008b100000|100%| E|CS|TAMS 0x000000008b000000, 0x000000008b000000| Complete 
| 167|0x000000008b100000, 0x000000008b200000, 0x000000008b200000|100%| E|CS|TAMS 0x000000008b100000, 0x000000008b100000| Complete 
| 168|0x000000008b200000, 0x000000008b300000, 0x000000008b300000|100%| E|CS|TAMS 0x000000008b200000, 0x000000008b200000| Complete 
| 169|0x000000008b300000, 0x000000008b400000, 0x000000008b400000|100%| E|CS|TAMS 0x000000008b300000, 0x000000008b300000| Complete 
| 170|0x000000008b400000, 0x000000008b500000, 0x000000008b500000|100%| E|CS|TAMS 0x000000008b400000, 0x000000008b400000| Complete 
| 171|0x000000008b500000, 0x000000008b600000, 0x000000008b600000|100%| E|CS|TAMS 0x000000008b500000, 0x000000008b500000| Complete 
| 172|0x000000008b600000, 0x000000008b700000, 0x000000008b700000|100%| E|CS|TAMS 0x000000008b600000, 0x000000008b600000| Complete 
| 173|0x000000008b700000, 0x000000008b800000, 0x000000008b800000|100%| E|CS|TAMS 0x000000008b700000, 0x000000008b700000| Complete 
| 174|0x000000008b800000, 0x000000008b900000, 0x000000008b900000|100%| E|CS|TAMS 0x000000008b800000, 0x000000008b800000| Complete 
| 175|0x000000008b900000, 0x000000008ba00000, 0x000000008ba00000|100%| E|CS|TAMS 0x000000008b900000, 0x000000008b900000| Complete 
| 176|0x000000008ba00000, 0x000000008bb00000, 0x000000008bb00000|100%| E|CS|TAMS 0x000000008ba00000, 0x000000008ba00000| Complete 
| 177|0x000000008bb00000, 0x000000008bc00000, 0x000000008bc00000|100%| E|CS|TAMS 0x000000008bb00000, 0x000000008bb00000| Complete 
| 178|0x000000008bc00000, 0x000000008bd00000, 0x000000008bd00000|100%| E|CS|TAMS 0x000000008bc00000, 0x000000008bc00000| Complete 
| 179|0x000000008bd00000, 0x000000008be00000, 0x000000008be00000|100%| E|CS|TAMS 0x000000008bd00000, 0x000000008bd00000| Complete 
| 180|0x000000008be00000, 0x000000008bf00000, 0x000000008bf00000|100%| E|CS|TAMS 0x000000008be00000, 0x000000008be00000| Complete 
| 181|0x000000008bf00000, 0x000000008c000000, 0x000000008c000000|100%| E|CS|TAMS 0x000000008bf00000, 0x000000008bf00000| Complete 
| 182|0x000000008c000000, 0x000000008c100000, 0x000000008c100000|100%| E|CS|TAMS 0x000000008c000000, 0x000000008c000000| Complete 
| 183|0x000000008c100000, 0x000000008c200000, 0x000000008c200000|100%| E|CS|TAMS 0x000000008c100000, 0x000000008c100000| Complete 
| 184|0x000000008c200000, 0x000000008c300000, 0x000000008c300000|100%| E|CS|TAMS 0x000000008c200000, 0x000000008c200000| Complete 

Card table byte_map: [0x000002e632f50000,0x000002e633350000] _byte_map_base: 0x000002e632b4b000

Marking Bits (Prev, Next): (CMBitMap*) 0x000002e61c4e7f40, (CMBitMap*) 0x000002e61c4e7f08
 Prev Bits: [0x000002e635730000, 0x000002e637708000)
 Next Bits: [0x000002e633750000, 0x000002e635728000)

Polling page: 0x000002e61a420000

Metaspace:

Usage:
  Non-class:     54.07 MB capacity,    53.63 MB (>99%) used,   347.08 KB ( <1%) free+waste,   102.69 KB ( <1%) overhead. 
      Class:      7.07 MB capacity,     6.75 MB ( 95%) used,   280.59 KB (  4%) free+waste,    45.75 KB ( <1%) overhead. 
       Both:     61.14 MB capacity,    60.38 MB ( 99%) used,   627.67 KB (  1%) free+waste,   148.44 KB ( <1%) overhead. 

Virtual space:
  Non-class space:       56.00 MB reserved,      54.08 MB ( 97%) committed 
      Class space:        1.00 GB reserved,       7.20 MB ( <1%) committed 
             Both:        1.05 GB reserved,      61.28 MB (  6%) committed 

Chunk freelists:
   Non-Class:  1.25 KB
       Class:  2.75 KB
        Both:  4.00 KB

CodeHeap 'non-profiled nmethods': size=120064Kb used=4510Kb max_used=4510Kb free=115553Kb
 bounds [0x000002e62b610000, 0x000002e62ba80000, 0x000002e632b50000]
CodeHeap 'profiled nmethods': size=120000Kb used=26275Kb max_used=26275Kb free=93725Kb
 bounds [0x000002e6240e0000, 0x000002e625a90000, 0x000002e62b610000]
CodeHeap 'non-nmethods': size=5696Kb used=1222Kb max_used=1283Kb free=4473Kb
 bounds [0x000002e623b50000, 0x000002e623dc0000, 0x000002e6240e0000]
 total_blobs=9881 nmethods=9299 adapters=491
 compilation: enabled
              stopped_count=0, restarted_count=0
 full_count=0

Compilation events (10 events):
Event: 9.116 Thread 0x000002e63a4be800 9265       3       org.jetbrains.kotlin.psi.KtPsiUtil::visitChildren (57 bytes)
Event: 9.116 Thread 0x000002e63a4be800 nmethod 9265 0x000002e625a04390 code [0x000002e625a045a0, 0x000002e625a04ca8]
Event: 9.116 Thread 0x000002e63a4be800 9266       3       org.jetbrains.kotlin.psi.KtLambdaExpression::getFunctionLiteral (26 bytes)
Event: 9.116 Thread 0x000002e63a4be800 nmethod 9266 0x000002e625a04e90 code [0x000002e625a05060, 0x000002e625a05448]
Event: 9.117 Thread 0x000002e63a4be800 9267       3       org.jetbrains.kotlin.resolve.DelegatingBindingTrace::recordType (74 bytes)
Event: 9.117 Thread 0x000002e63a4be800 nmethod 9267 0x000002e625a05590 code [0x000002e625a05860, 0x000002e625a066c8]
Event: 9.118 Thread 0x000002e63a4be800 9268       3       org.jetbrains.kotlin.types.checker.ClassicTypeSystemContext$DefaultImpls::isAnyConstructor (89 bytes)
Event: 9.119 Thread 0x000002e63a4bd800 nmethod 9253 0x000002e62ba6ee10 code [0x000002e62ba6f1c0, 0x000002e62ba70378]
Event: 9.119 Thread 0x000002e63a4bd800 9264       4       org.jetbrains.kotlin.types.checker.KotlinTypePreparator::prepareType (9 bytes)
Event: 9.119 Thread 0x000002e63a4be800 nmethod 9268 0x000002e625a06c10 code [0x000002e625a07020, 0x000002e625a08a08]

GC Heap History (10 events):
Event: 2.981 GC heap before
{Heap before GC invocations=5 (full 0):
 garbage-first heap   total 131072K, used 57344K [0x0000000080a00000, 0x0000000100000000)
  region size 1024K, 30 young (30720K), 5 survivors (5120K)
 Metaspace       used 35296K, capacity 35744K, committed 35920K, reserved 1081344K
  class space    used 4351K, capacity 4591K, committed 4608K, reserved 1048576K
}
Event: 2.988 GC heap after
{Heap after GC invocations=6 (full 0):
 garbage-first heap   total 157696K, used 34116K [0x0000000080a00000, 0x0000000100000000)
  region size 1024K, 3 young (3072K), 3 survivors (3072K)
 Metaspace       used 35296K, capacity 35744K, committed 35920K, reserved 1081344K
  class space    used 4351K, capacity 4591K, committed 4608K, reserved 1048576K
}
Event: 3.992 GC heap before
{Heap before GC invocations=7 (full 0):
 garbage-first heap   total 157696K, used 93508K [0x0000000080a00000, 0x0000000100000000)
  region size 1024K, 51 young (52224K), 3 survivors (3072K)
 Metaspace       used 44465K, capacity 45033K, committed 45340K, reserved 1089536K
  class space    used 5259K, capacity 5505K, committed 5580K, reserved 1048576K
}
Event: 3.998 GC heap after
{Heap after GC invocations=8 (full 0):
 garbage-first heap   total 157696K, used 40657K [0x0000000080a00000, 0x0000000100000000)
  region size 1024K, 7 young (7168K), 7 survivors (7168K)
 Metaspace       used 44465K, capacity 45033K, committed 45340K, reserved 1089536K
  class space    used 5259K, capacity 5505K, committed 5580K, reserved 1048576K
}
Event: 4.674 GC heap before
{Heap before GC invocations=9 (full 0):
 garbage-first heap   total 157696K, used 98001K [0x0000000080a00000, 0x0000000100000000)
  region size 1024K, 57 young (58368K), 7 survivors (7168K)
 Metaspace       used 48185K, capacity 48829K, committed 49052K, reserved 1093632K
  class space    used 5660K, capacity 5912K, committed 5964K, reserved 1048576K
}
Event: 4.683 GC heap after
{Heap after GC invocations=10 (full 0):
 garbage-first heap   total 157696K, used 49918K [0x0000000080a00000, 0x0000000100000000)
  region size 1024K, 4 young (4096K), 4 survivors (4096K)
 Metaspace       used 48185K, capacity 48829K, committed 49052K, reserved 1093632K
  class space    used 5660K, capacity 5912K, committed 5964K, reserved 1048576K
}
Event: 6.046 GC heap before
{Heap before GC invocations=10 (full 0):
 garbage-first heap   total 157696K, used 101118K [0x0000000080a00000, 0x0000000100000000)
  region size 1024K, 54 young (55296K), 4 survivors (4096K)
 Metaspace       used 55471K, capacity 56260K, committed 56604K, reserved 1099776K
  class space    used 6418K, capacity 6739K, committed 6860K, reserved 1048576K
}
Event: 6.055 GC heap after
{Heap after GC invocations=11 (full 0):
 garbage-first heap   total 157696K, used 56994K [0x0000000080a00000, 0x0000000100000000)
  region size 1024K, 7 young (7168K), 7 survivors (7168K)
 Metaspace       used 55471K, capacity 56260K, committed 56604K, reserved 1099776K
  class space    used 6418K, capacity 6739K, committed 6860K, reserved 1048576K
}
Event: 7.765 GC heap before
{Heap before GC invocations=11 (full 0):
 garbage-first heap   total 157696K, used 106146K [0x0000000080a00000, 0x0000000100000000)
  region size 1024K, 56 young (57344K), 7 survivors (7168K)
 Metaspace       used 59647K, capacity 60465K, committed 60700K, reserved 1103872K
  class space    used 6781K, capacity 7091K, committed 7116K, reserved 1048576K
}
Event: 7.780 GC heap after
{Heap after GC invocations=12 (full 0):
 garbage-first heap   total 189440K, used 62460K [0x0000000080a00000, 0x0000000100000000)
  region size 1024K, 6 young (6144K), 6 survivors (6144K)
 Metaspace       used 59647K, capacity 60465K, committed 60700K, reserved 1103872K
  class space    used 6781K, capacity 7091K, committed 7116K, reserved 1048576K
}

Deoptimization events (10 events):
Event: 8.869 Thread 0x000002e61c4ac800 Uncommon trap: reason=bimorphic_or_optimized_type_check action=maybe_recompile pc=0x000002e62b98d348 method=org.jetbrains.kotlin.types.FlexibleType.getArguments()Ljava/util/List; @ 4 c2
Event: 8.869 Thread 0x000002e61c4ac800 Uncommon trap: reason=bimorphic_or_optimized_type_check action=maybe_recompile pc=0x000002e62b8cf888 method=org.jetbrains.kotlin.types.FlexibleType.getConstructor()Lorg/jetbrains/kotlin/types/TypeConstructor; @ 4 c2
Event: 8.869 Thread 0x000002e61c4ac800 Uncommon trap: reason=bimorphic_or_optimized_type_check action=maybe_recompile pc=0x000002e62b98d348 method=org.jetbrains.kotlin.types.FlexibleType.getArguments()Ljava/util/List; @ 4 c2
Event: 8.922 Thread 0x000002e61c4ac800 Uncommon trap: reason=bimorphic_or_optimized_type_check action=maybe_recompile pc=0x000002e62b8cf888 method=org.jetbrains.kotlin.types.FlexibleType.getConstructor()Lorg/jetbrains/kotlin/types/TypeConstructor; @ 4 c2
Event: 8.922 Thread 0x000002e61c4ac800 Uncommon trap: reason=unstable_if action=reinterpret pc=0x000002e62b99bc00 method=org.jetbrains.kotlin.types.checker.ClassicTypeSystemContext$DefaultImpls.asDefinitelyNotNullType(Lorg/jetbrains/kotlin/types/checker/ClassicTypeSystemContext;Lorg/jetbrains/
Event: 8.922 Thread 0x000002e61c4ac800 Uncommon trap: reason=bimorphic_or_optimized_type_check action=maybe_recompile pc=0x000002e62b98d348 method=org.jetbrains.kotlin.types.FlexibleType.getArguments()Ljava/util/List; @ 4 c2
Event: 8.922 Thread 0x000002e61c4ac800 Uncommon trap: reason=bimorphic_or_optimized_type_check action=maybe_recompile pc=0x000002e62b98d348 method=org.jetbrains.kotlin.types.FlexibleType.getArguments()Ljava/util/List; @ 4 c2
Event: 8.966 Thread 0x000002e61c4ac800 Uncommon trap: reason=bimorphic_or_optimized_type_check action=maybe_recompile pc=0x000002e62ba453f0 method=org.jetbrains.kotlin.resolve.calls.tower.SimpleScopeTowerProcessor$DefaultImpls.process(Lorg/jetbrains/kotlin/resolve/calls/tower/SimpleScopeTowerP
Event: 8.966 Thread 0x000002e61c4ac800 Uncommon trap: reason=bimorphic_or_optimized_type_check action=maybe_recompile pc=0x000002e62ba453f0 method=org.jetbrains.kotlin.resolve.calls.tower.SimpleScopeTowerProcessor$DefaultImpls.process(Lorg/jetbrains/kotlin/resolve/calls/tower/SimpleScopeTowerP
Event: 8.966 Thread 0x000002e61c4ac800 Uncommon trap: reason=bimorphic_or_optimized_type_check action=maybe_recompile pc=0x000002e62ba453f0 method=org.jetbrains.kotlin.resolve.calls.tower.SimpleScopeTowerProcessor$DefaultImpls.process(Lorg/jetbrains/kotlin/resolve/calls/tower/SimpleScopeTowerP

Classes redefined (0 events):
No events

Internal exceptions (10 events):
Event: 6.371 Thread 0x000002e61c4ac800 Implicit null exception at 0x000002e62b65e1af to 0x000002e62b65e21d
Event: 6.507 Thread 0x000002e61c4ac800 Implicit null exception at 0x000002e62b8c779b to 0x000002e62b8ca358
Event: 6.537 Thread 0x000002e61c4ac800 Implicit null exception at 0x000002e62b8f7cb9 to 0x000002e62b8f8300
Event: 6.829 Thread 0x000002e61c4ac800 Implicit null exception at 0x000002e62b9314f1 to 0x000002e62b9384f8
Event: 6.985 Thread 0x000002e61c4ac800 Exception <a 'java/lang/NoSuchMethodError'{0x00000000883079c0}: java.lang.invoke.DirectMethodHandle$Holder.invokeInterface(Ljava/lang/Object;Ljava/lang/Object;Ljava/lang/Object;)Ljava/lang/Object;> (0x00000000883079c0) thrown at [./open/src/hotspot/share/
Event: 6.994 Thread 0x000002e61c4ac800 Exception <a 'java/lang/NoSuchMethodError'{0x00000000883838a0}: java.lang.invoke.Invokers$Holder.linkToTargetMethod(Ljava/lang/Object;Ljava/lang/Object;Ljava/lang/Object;Ljava/lang/Object;Ljava/lang/Object;Ljava/lang/Object;Ljava/lang/Object;)Ljava/lang/O
Event: 7.170 Thread 0x000002e61c4ac800 Exception <a 'java/lang/IncompatibleClassChangeError'{0x00000000880b3148}: Found class java.lang.Object, but interface was expected> (0x00000000880b3148) thrown at [./open/src/hotspot/share/interpreter/linkResolver.cpp, line 838]
Event: 7.840 Thread 0x000002e61c4ac800 Implicit null exception at 0x000002e62b675754 to 0x000002e62b67596c
Event: 8.031 Thread 0x000002e61c4ac800 Exception <a 'java/lang/NoSuchMethodError'{0x000000008bb00068}: java.lang.invoke.DirectMethodHandle$Holder.invokeStaticInit(Ljava/lang/Object;I)I> (0x000000008bb00068) thrown at [./open/src/hotspot/share/interpreter/linkResolver.cpp, line 772]
Event: 8.868 Thread 0x000002e61c4ac800 Exception <a 'java/lang/NoSuchMethodError'{0x0000000089fc7a88}: java.lang.invoke.Invokers$Holder.linkToTargetMethod(Ljava/lang/Object;Ljava/lang/Object;Ljava/lang/Object;IILjava/lang/Object;)Ljava/lang/Object;> (0x0000000089fc7a88) thrown at [./open/src/h

Events (10 events):
Event: 8.978 loading class org/jetbrains/kotlin/contracts/model/ESOperator
Event: 8.978 loading class org/jetbrains/kotlin/contracts/model/ESOperator done
Event: 8.978 loading class org/jetbrains/kotlin/contracts/model/structure/ValuesKt
Event: 8.978 loading class org/jetbrains/kotlin/contracts/model/structure/ValuesKt done
Event: 8.978 loading class org/jetbrains/kotlin/contracts/model/ESValue
Event: 8.978 loading class org/jetbrains/kotlin/contracts/model/ESValue done
Event: 8.978 loading class org/jetbrains/kotlin/contracts/model/ESValue
Event: 8.978 loading class org/jetbrains/kotlin/contracts/model/ESValue done
Event: 8.980 Executing VM operation: ICBufferFull
Event: 8.980 Executing VM operation: ICBufferFull done


Dynamic libraries:
0x00007ff6bf220000 - 0x00007ff6bf22f000 	D:\JavaSdk\bin\java.exe
0x00007ffb79fe0000 - 0x00007ffb7a1bb000 	C:\Windows\SYSTEM32\ntdll.dll
0x00007ffb780c0000 - 0x00007ffb7816e000 	C:\Windows\System32\KERNEL32.DLL
0x00007ffb76ef0000 - 0x00007ffb7713a000 	C:\Windows\System32\KERNELBASE.dll
0x00007ffb77440000 - 0x00007ffb77534000 	C:\Windows\System32\ucrtbase.dll
0x00007ffb515d0000 - 0x00007ffb515e5000 	D:\JavaSdk\bin\VCRUNTIME140.dll
0x00007ffb514f0000 - 0x00007ffb51508000 	D:\JavaSdk\bin\jli.dll
0x00007ffb77e70000 - 0x00007ffb77f11000 	C:\Windows\System32\ADVAPI32.dll
0x00007ffb77730000 - 0x00007ffb777cd000 	C:\Windows\System32\msvcrt.dll
0x00007ffb78180000 - 0x00007ffb781d9000 	C:\Windows\System32\sechost.dll
0x00007ffb79eb0000 - 0x00007ffb79fd5000 	C:\Windows\System32\RPCRT4.dll
0x00007ffb78660000 - 0x00007ffb787aa000 	C:\Windows\System32\USER32.dll
0x00007ffb764f0000 - 0x00007ffb7650e000 	C:\Windows\System32\win32u.dll
0x00007ffb78620000 - 0x00007ffb78647000 	C:\Windows\System32\GDI32.dll
0x00007ffb666f0000 - 0x00007ffb66957000 	C:\Windows\WinSxS\amd64_microsoft.windows.common-controls_6595b64144ccf1df_6.0.15063.1897_none_40cb64bd29a40d00\COMCTL32.dll
0x00007ffb77140000 - 0x00007ffb772c8000 	C:\Windows\System32\gdi32full.dll
0x00007ffb777d0000 - 0x00007ffb77ac6000 	C:\Windows\System32\combase.dll
0x00007ffb77350000 - 0x00007ffb773ea000 	C:\Windows\System32\msvcp_win.dll
0x00007ffb772d0000 - 0x00007ffb77345000 	C:\Windows\System32\bcryptPrimitives.dll
0x00007ffb6ec80000 - 0x00007ffb6ec8a000 	C:\Windows\SYSTEM32\VERSION.dll
0x00007ffb77cd0000 - 0x00007ffb77cfd000 	C:\Windows\System32\IMM32.DLL
0x00007ffb39ac0000 - 0x00007ffb39b5b000 	D:\JavaSdk\bin\msvcp140.dll
0x00007ffb1c7d0000 - 0x00007ffb1d2e6000 	D:\JavaSdk\bin\server\jvm.dll
0x00007ffb78170000 - 0x00007ffb78178000 	C:\Windows\System32\PSAPI.DLL
0x00007ffb6c550000 - 0x00007ffb6c559000 	C:\Windows\SYSTEM32\WSOCK32.dll
0x00007ffb79de0000 - 0x00007ffb79e4c000 	C:\Windows\System32\WS2_32.dll
0x00007ffb74aa0000 - 0x00007ffb74ac3000 	C:\Windows\SYSTEM32\WINMM.dll
0x00007ffb74a40000 - 0x00007ffb74a6b000 	C:\Windows\SYSTEM32\winmmbase.dll
0x00007ffb773f0000 - 0x00007ffb77439000 	C:\Windows\System32\cfgmgr32.dll
0x00007ffb764d0000 - 0x00007ffb764e1000 	C:\Windows\System32\kernel.appcore.dll
0x00007ffb615f0000 - 0x00007ffb61600000 	D:\JavaSdk\bin\verify.dll
0x00007ffb70360000 - 0x00007ffb70509000 	C:\Windows\SYSTEM32\DBGHELP.DLL
0x00007ffb70330000 - 0x00007ffb70359000 	C:\Windows\SYSTEM32\dbgcore.DLL
0x00007ffb50590000 - 0x00007ffb505b8000 	D:\JavaSdk\bin\java.dll
0x00007ffb61440000 - 0x00007ffb6144a000 	D:\JavaSdk\bin\jimage.dll
0x00007ffb50600000 - 0x00007ffb50616000 	D:\JavaSdk\bin\zip.dll
0x00007ffb788d0000 - 0x00007ffb79d08000 	C:\Windows\System32\SHELL32.dll
0x00007ffb79d10000 - 0x00007ffb79dba000 	C:\Windows\System32\shcore.dll
0x00007ffb767f0000 - 0x00007ffb76ee1000 	C:\Windows\System32\windows.storage.dll
0x00007ffb77c70000 - 0x00007ffb77cc1000 	C:\Windows\System32\shlwapi.dll
0x00007ffb76480000 - 0x00007ffb764cc000 	C:\Windows\System32\powrprof.dll
0x00007ffb76460000 - 0x00007ffb76475000 	C:\Windows\System32\profapi.dll
0x00007ffb50230000 - 0x00007ffb50249000 	D:\JavaSdk\bin\net.dll
0x00007ffb72540000 - 0x00007ffb72616000 	C:\Windows\SYSTEM32\WINHTTP.dll
0x00007ffb75ce0000 - 0x00007ffb75d3c000 	C:\Windows\system32\mswsock.dll
0x00007ffb4ff90000 - 0x00007ffb4ffa2000 	D:\JavaSdk\bin\nio.dll

dbghelp: loaded successfully - version: 4.0.5 - missing functions: none
symbol engine: initialized successfully - sym options: 0x614 - pdb path: .;D:\JavaSdk\bin;C:\Windows\SYSTEM32;C:\Windows\WinSxS\amd64_microsoft.windows.common-controls_6595b64144ccf1df_6.0.15063.1897_none_40cb64bd29a40d00;D:\JavaSdk\bin\server

VM Arguments:
java_command: org.jetbrains.kotlin.cli.jvm.K2JVMCompiler @D:\baijiPro\node_modules\react-native-gradle-plugin\build\20230410_12816921227539770971.compiler.options
java_class_path (initial): C:\Users\Administrator\.gradle\caches\modules-2\files-2.1\org.jetbrains.kotlin\kotlin-compiler-embeddable\1.6.10\88f2073f4020cdb83132cfe940ceb9a60aba54ea\kotlin-compiler-embeddable-1.6.10.jar;C:\Users\Administrator\.gradle\caches\modules-2\files-2.1\org.jetbrains.kotlin\kotlin-reflect\1.6.10\1cbe9c92c12a94eea200d23c2bbaedaf3daf5132\kotlin-reflect-1.6.10.jar;C:\Users\Administrator\.gradle\caches\modules-2\files-2.1\org.jetbrains.kotlin\kotlin-stdlib\1.6.10\b8af3fe6f1ca88526914929add63cf5e7c5049af\kotlin-stdlib-1.6.10.jar;C:\Users\Administrator\.gradle\caches\modules-2\files-2.1\org.jetbrains.kotlin\kotlin-script-runtime\1.6.10\d0a7ff2e2500ef497ed0214ae40ad3c8387a6164\kotlin-script-runtime-1.6.10.jar;C:\Users\Administrator\.gradle\caches\modules-2\files-2.1\org.jetbrains.kotlin\kotlin-daemon-embeddable\1.6.10\a56d79bcbea411fa6058e4ecffc2de73e742bd2a\kotlin-daemon-embeddable-1.6.10.jar;C:\Users\Administrator\.gradle\caches\modules-2\files-2.1\org.jetbrains.intellij.deps\trove4j\1.0.20181211\216c2e14b070f334479d800987affe4054cd563f\trove4j-1.0.20181211.jar;C:\Users\Administrator\.gradle\caches\modules-2\files-2.1\net.java.dev.jna\jna\5.6.0\330f2244e9030119ab3030fc3fededc86713d9cc\jna-5.6.0.jar;C:\Users\Administrator\.gradle\caches\modules-2\files-2.1\org.jetbrains\annotations\13.0\919f0dfe192fb4e063e7dacadee7f8bb9a2672a9\annotations-13.0.jar;C:\Users\Administrator\.gradle\caches\modules-2\files-2.1\org.jetbrains.kotlin\kotlin-stdlib-common\1.6.10\c118700e3a33c8a0d9adc920e9dec0831171925\kotlin-stdlib-common-1.6.10.jar
Launcher Type: SUN_STANDARD

[Global flags]
     intx CICompilerCount                          = 3                                         {product} {ergonomic}
     uint ConcGCThreads                            = 1                                         {product} {ergonomic}
     uint G1ConcRefinementThreads                  = 4                                         {product} {ergonomic}
   size_t G1HeapRegionSize                         = 1048576                                   {product} {ergonomic}
    uintx GCDrainStackTargetSize                   = 64                                        {product} {ergonomic}
   size_t InitialHeapSize                          = 134217728                                 {product} {ergonomic}
   size_t MarkStackSize                            = 4194304                                   {product} {ergonomic}
   size_t MaxHeapSize                              = 2136997888                                {product} {ergonomic}
   size_t MaxNewSize                               = 1281359872                                {product} {ergonomic}
   size_t MinHeapDeltaBytes                        = 1048576                                   {product} {ergonomic}
    uintx NonNMethodCodeHeapSize                   = 5830732                                {pd product} {ergonomic}
    uintx NonProfiledCodeHeapSize                  = 122913754                              {pd product} {ergonomic}
    uintx ProfiledCodeHeapSize                     = 122913754                              {pd product} {ergonomic}
    uintx ReservedCodeCacheSize                    = 251658240                              {pd product} {ergonomic}
     bool SegmentedCodeCache                       = true                                      {product} {ergonomic}
     bool UseCompressedClassPointers               = true                                 {lp64_product} {ergonomic}
     bool UseCompressedOops                        = true                                 {lp64_product} {ergonomic}
     bool UseG1GC                                  = true                                      {product} {ergonomic}
     bool UseLargePagesIndividualAllocation        = false                                  {pd product} {ergonomic}

Logging:
Log output configuration:
 #0: stdout all=warning uptime,level,tags
 #1: stderr all=off uptime,level,tags

Environment Variables:
JAVA_HOME=D:\JavaSdk\
CLASSPATH=D:\baijiPro\android\\gradle\wrapper\gradle-wrapper.jar
PATH=D:\baijiPro\android\node_modules\.bin;D:\baijiPro\node_modules\.bin;D:\node_modules\.bin;C:\Program Files\nodejs;C:\Users\ADMINI~1\AppData\Local\Temp\yarn--1681116588336-0.20553837660067997;D:\baijiPro\node_modules\.bin;C:\Users\Administrator\AppData\Local\Yarn\Data\link\node_modules\.bin;D:\Program Files\nodejs\node_global\bin;C:\Program Files\libexec\lib\node_modules\npm\bin\node-gyp-bin;C:\Program Files\lib\node_modules\npm\bin\node-gyp-bin;C:\Program Files\nodejs\node_modules\npm\bin\node-gyp-bin;D:\JavaSdk\bin;C:\ProgramData\Oracle\Java\javapath;C:\Program Files\Microsoft MPI\Bin\;C:\Windows\system32;C:\Windows;C:\Windows\System32\Wbem;C:\Windows\System32\WindowsPowerShell\v1.0\;C:\Program Files (x86)\NVIDIA Corporation\PhysX\Common;D:\Program Files\Microsoft SQL Server\120\DTS\Binn\;D:\Program Files\Microsoft SQL Server\Client SDK\ODBC\110\Tools\Binn\;D:\Program Files (x86)\Microsoft SQL Server\120\Tools\Binn\;D:\Program Files\Microsoft SQL Server\120\Tools\Binn\;D:\Program Files (x86)\Microsoft SQL Server\120\Tools\Binn\ManagementStudio\;D:\Program Files (x86)\Microsoft SQL Server\120\DTS\Binn\;C:\Program Files\TortoiseSVN\bin;C:\Program Files (x86)\Microsoft SDKs\TypeScript\1.0\;D:\Program Files\Microsoft SQL Server\130\Tools\Binn\;C:\Program Files\dotnet\;C:\Python\Python36\;C:\Python\Python36\Scripts\;"C:\Java\jdk1.8.0_151\bin;C:\Java\jdk1.8.0_151\jre\bin;";C:\Program Files\Git\cmd;C:\Program Files\Git\usr\bin;C:\Program Files\TortoiseGit\bin;C:\Users\Administrator\AppData\Roaming\nvm;C:\Program Files\nodejs;C:\Windows\System32\node_modules\yarn\bin;D:\Program Files\nodejs\node_global;D:\Program Files\nodejs\node_global\node_modules;D:\Android_avd\platform-tools;D:\Android_avd\emulator;D:\Android_avd\tools;D:\Android_avd\tools\bin;C:\Users\Administrator\AppData\Local\Microsoft\WindowsApps;C:\Python\Python36;C:\Python\Python36\Scripts;"C:\Java\jdk1.8.0_151\bin;C:\Java\jdk1.8.0_151\jre\bin;";node_global;D:\Program Files\Microsoft VS Code\bin;D:\Users\Admin
USERNAME=Administrator
OS=Windows_NT
PROCESSOR_IDENTIFIER=Intel64 Family 6 Model 94 Stepping 3, GenuineIntel



---------------  S Y S T E M  ---------------

OS: Windows 10 , 64 bit Build 15063 (10.0.15063.1805)

CPU:total 4 (initial active 4) (4 cores per cpu, 1 threads per core) family 6 model 94 stepping 3 microcode 0xcc, cmov, cx8, fxsr, mmx, sse, sse2, sse3, ssse3, sse4.1, sse4.2, popcnt, avx, avx2, aes, clmul, erms, rtm, 3dnowpref, lzcnt, tsc, tscinvbit, bmi1, bmi2, adx, fma

Memory: 4k page, system-wide physical 8144M (409M free)
TotalPageFile size 12144M (AvailPageFile size 5M)
current process WorkingSet (physical memory assigned to process): 367M, peak: 367M
current process commit charge ("private bytes"): 411M, peak: 411M

vm_info: Java HotSpot(TM) 64-Bit Server VM (11.0.15+8-LTS-149) for windows-amd64 JRE (11.0.15+8-LTS-149), built on Mar  9 2022 22:42:32 by "mach5one" with MS VC++ 15.9 (VS2017)

END.
